{"level":"info","message":"API Gateway is running on port 3000","service":"api-gateway","timestamp":"2025-05-28T08:55:10.327Z"}
{"level":"info","message":"Auth service is running on undefined","service":"api-gateway","timestamp":"2025-05-28T08:55:10.330Z"}
{"level":"info","message":"Redis Url redis://localhost:6379","service":"api-gateway","timestamp":"2025-05-28T08:55:10.330Z"}
{"level":"info","message":"API Gateway is running on port 3000","service":"api-gateway","timestamp":"2025-05-28T08:55:43.468Z"}
{"level":"info","message":"Auth service is running on http://localhost:3001","service":"api-gateway","timestamp":"2025-05-28T08:55:43.472Z"}
{"level":"info","message":"Redis Url redis://localhost:6379","service":"api-gateway","timestamp":"2025-05-28T08:55:43.472Z"}
{"level":"info","message":"Received POST request to /v1/auth/register","service":"api-gateway","timestamp":"2025-05-28T08:57:27.677Z"}
{"level":"info","message":"Received body [object Object]","service":"api-gateway","timestamp":"2025-05-28T08:57:27.678Z"}
{"level":"info","message":"Response received from auth service: 429","service":"api-gateway","timestamp":"2025-05-28T08:57:28.001Z"}
{"level":"info","message":"API Gateway is running on port 3000","service":"api-gateway","timestamp":"2025-05-28T08:58:33.106Z"}
{"level":"info","message":"Auth service is running on http://localhost:3001","service":"api-gateway","timestamp":"2025-05-28T08:58:33.109Z"}
{"level":"info","message":"Redis Url redis://localhost:6379","service":"api-gateway","timestamp":"2025-05-28T08:58:33.110Z"}
{"level":"info","message":"API Gateway is running on port 3000","service":"api-gateway","timestamp":"2025-05-28T09:03:33.692Z"}
{"level":"info","message":"Auth service is running on http://localhost:3001","service":"api-gateway","timestamp":"2025-05-28T09:03:33.695Z"}
{"level":"info","message":"Redis Url redis://localhost:6379","service":"api-gateway","timestamp":"2025-05-28T09:03:33.696Z"}
{"level":"info","message":"Received POST request to /v1/auth/register","service":"api-gateway","timestamp":"2025-05-28T09:03:35.959Z"}
{"level":"info","message":"Received body [object Object]","service":"api-gateway","timestamp":"2025-05-28T09:03:35.959Z"}
{"level":"info","message":"Response received from auth service: 429","service":"api-gateway","timestamp":"2025-05-28T09:03:35.974Z"}
{"level":"info","message":"API Gateway is running on port 3000","service":"api-gateway","timestamp":"2025-05-28T09:03:51.533Z"}
{"level":"info","message":"Auth service is running on http://localhost:3001","service":"api-gateway","timestamp":"2025-05-28T09:03:51.537Z"}
{"level":"info","message":"Redis Url redis://localhost:6379","service":"api-gateway","timestamp":"2025-05-28T09:03:51.537Z"}
{"level":"info","message":"API Gateway is running on port 3000","service":"api-gateway","timestamp":"2025-05-28T09:04:00.479Z"}
{"level":"info","message":"Auth service is running on http://localhost:3001","service":"api-gateway","timestamp":"2025-05-28T09:04:00.483Z"}
{"level":"info","message":"Redis Url redis://localhost:6379","service":"api-gateway","timestamp":"2025-05-28T09:04:00.484Z"}
{"level":"info","message":"Received POST request to /v1/auth/register","service":"api-gateway","timestamp":"2025-05-28T09:04:04.322Z"}
{"level":"info","message":"Received body [object Object]","service":"api-gateway","timestamp":"2025-05-28T09:04:04.323Z"}
{"level":"info","message":"Response received from auth service: 429","service":"api-gateway","timestamp":"2025-05-28T09:04:04.336Z"}
{"level":"info","message":"Received POST request to /v1/auth/register","service":"api-gateway","timestamp":"2025-05-28T09:10:58.480Z"}
{"level":"info","message":"Received body [object Object]","service":"api-gateway","timestamp":"2025-05-28T09:10:58.481Z"}
{"level":"info","message":"Response received from auth service: 400","service":"api-gateway","timestamp":"2025-05-28T09:10:59.822Z"}
{"level":"info","message":"Received POST request to /v1/auth/register","service":"api-gateway","timestamp":"2025-05-28T09:11:15.740Z"}
{"level":"info","message":"Received body [object Object]","service":"api-gateway","timestamp":"2025-05-28T09:11:15.741Z"}
{"level":"info","message":"Response received from auth service: 400","service":"api-gateway","timestamp":"2025-05-28T09:11:15.948Z"}
{"level":"info","message":"Received POST request to /v1/auth/register","service":"api-gateway","timestamp":"2025-05-28T09:11:24.013Z"}
{"level":"info","message":"Received body [object Object]","service":"api-gateway","timestamp":"2025-05-28T09:11:24.013Z"}
{"level":"info","message":"Response received from auth service: 400","service":"api-gateway","timestamp":"2025-05-28T09:11:24.027Z"}
{"level":"info","message":"Received POST request to /v1/auth/register","service":"api-gateway","timestamp":"2025-05-28T09:11:34.760Z"}
{"level":"info","message":"Received body [object Object]","service":"api-gateway","timestamp":"2025-05-28T09:11:34.761Z"}
{"level":"info","message":"Response received from auth service: 400","service":"api-gateway","timestamp":"2025-05-28T09:11:34.771Z"}
{"level":"info","message":"Received POST request to /v1/auth/register","service":"api-gateway","timestamp":"2025-05-28T09:11:44.962Z"}
{"level":"info","message":"Received body [object Object]","service":"api-gateway","timestamp":"2025-05-28T09:11:44.963Z"}
{"level":"info","message":"Response received from auth service: 400","service":"api-gateway","timestamp":"2025-05-28T09:11:45.170Z"}
{"level":"info","message":"Received POST request to /v1/auth/register","service":"api-gateway","timestamp":"2025-05-28T09:11:57.957Z"}
{"level":"info","message":"Received body [object Object]","service":"api-gateway","timestamp":"2025-05-28T09:11:57.958Z"}
{"level":"info","message":"Response received from auth service: 400","service":"api-gateway","timestamp":"2025-05-28T09:11:57.965Z"}
{"level":"info","message":"Received POST request to /v1/auth/register","service":"api-gateway","timestamp":"2025-05-28T09:12:06.021Z"}
{"level":"info","message":"Received body [object Object]","service":"api-gateway","timestamp":"2025-05-28T09:12:06.021Z"}
{"level":"info","message":"Response received from auth service: 201","service":"api-gateway","timestamp":"2025-05-28T09:12:06.751Z"}
{"level":"info","message":"API Gateway is running on port 3000","service":"api-gateway","timestamp":"2025-05-28T09:17:08.713Z"}
{"level":"info","message":"Auth service is running on http://localhost:3001","service":"api-gateway","timestamp":"2025-05-28T09:17:08.717Z"}
{"level":"info","message":"Redis Url redis://localhost:6379","service":"api-gateway","timestamp":"2025-05-28T09:17:08.717Z"}
{"level":"info","message":"Received POST request from /v1/auth/login","service":"api-gateway","timestamp":"2025-05-28T09:34:30.154Z"}
{"level":"info","message":"Received body [object Object]","service":"api-gateway","timestamp":"2025-05-28T09:34:30.155Z"}
{"level":"info","message":"Response received from auth service: 400","service":"api-gateway","timestamp":"2025-05-28T09:34:30.202Z"}
{"level":"info","message":"Received POST request from /v1/auth/login","service":"api-gateway","timestamp":"2025-05-28T09:34:38.368Z"}
{"level":"info","message":"Received body [object Object]","service":"api-gateway","timestamp":"2025-05-28T09:34:38.369Z"}
{"level":"info","message":"Response received from auth service: 401","service":"api-gateway","timestamp":"2025-05-28T09:34:38.690Z"}
{"level":"info","message":"Received POST request from /v1/auth/login","service":"api-gateway","timestamp":"2025-05-28T09:34:49.090Z"}
{"level":"info","message":"Received body [object Object]","service":"api-gateway","timestamp":"2025-05-28T09:34:49.091Z"}
{"level":"info","message":"Response received from auth service: 400","service":"api-gateway","timestamp":"2025-05-28T09:34:49.103Z"}
{"level":"info","message":"Received POST request from /v1/auth/login","service":"api-gateway","timestamp":"2025-05-28T09:35:03.334Z"}
{"level":"info","message":"Received body [object Object]","service":"api-gateway","timestamp":"2025-05-28T09:35:03.334Z"}
{"level":"info","message":"Response received from auth service: 400","service":"api-gateway","timestamp":"2025-05-28T09:35:03.344Z"}
{"level":"info","message":"Received POST request from /v1/auth/login","service":"api-gateway","timestamp":"2025-05-28T09:35:19.243Z"}
{"level":"info","message":"Received body [object Object]","service":"api-gateway","timestamp":"2025-05-28T09:35:19.243Z"}
{"level":"info","message":"Response received from auth service: 200","service":"api-gateway","timestamp":"2025-05-28T09:35:19.782Z"}
{"level":"info","message":"API Gateway is running on port 3000","service":"api-gateway","timestamp":"2025-05-28T12:05:44.256Z"}
{"level":"info","message":"Auth service is running on http://localhost:3001","service":"api-gateway","timestamp":"2025-05-28T12:05:44.260Z"}
{"level":"info","message":"Redis Url redis://localhost:6379","service":"api-gateway","timestamp":"2025-05-28T12:05:44.261Z"}
{"level":"info","message":"API Gateway is running on port 3000","service":"api-gateway","timestamp":"2025-05-28T12:07:19.814Z"}
{"level":"info","message":"Auth service is running on http://localhost:3001","service":"api-gateway","timestamp":"2025-05-28T12:07:19.818Z"}
{"level":"info","message":"Redis Url redis://localhost:6379","service":"api-gateway","timestamp":"2025-05-28T12:07:19.818Z"}
{"level":"info","message":"API Gateway is running on port 3000","service":"api-gateway","timestamp":"2025-05-28T12:10:01.473Z"}
{"level":"info","message":"Auth service is running on http://localhost:3001","service":"api-gateway","timestamp":"2025-05-28T12:10:01.478Z"}
{"level":"info","message":"Redis Url redis://localhost:6379","service":"api-gateway","timestamp":"2025-05-28T12:10:01.478Z"}
{"level":"info","message":"API Gateway is running on port 3000","service":"api-gateway","timestamp":"2025-05-28T12:10:51.293Z"}
{"level":"info","message":"Auth service is running on http://localhost:3001","service":"api-gateway","timestamp":"2025-05-28T12:10:51.298Z"}
{"level":"info","message":"Redis Url redis://localhost:6379","service":"api-gateway","timestamp":"2025-05-28T12:10:51.300Z"}
{"level":"info","message":"API Gateway is running on port 3000","service":"api-gateway","timestamp":"2025-05-28T12:11:11.478Z"}
{"level":"info","message":"Auth service is running on http://localhost:3001","service":"api-gateway","timestamp":"2025-05-28T12:11:11.482Z"}
{"level":"info","message":"Redis Url redis://localhost:6379","service":"api-gateway","timestamp":"2025-05-28T12:11:11.482Z"}
{"level":"info","message":"API Gateway is running on port 3000","service":"api-gateway","timestamp":"2025-05-28T12:11:27.283Z"}
{"level":"info","message":"Auth service is running on http://localhost:3001","service":"api-gateway","timestamp":"2025-05-28T12:11:27.288Z"}
{"level":"info","message":"Redis Url redis://localhost:6379","service":"api-gateway","timestamp":"2025-05-28T12:11:27.288Z"}
{"level":"info","message":"API Gateway is running on port 3000","service":"api-gateway","timestamp":"2025-05-28T12:11:44.963Z"}
{"level":"info","message":"Auth service is running on http://localhost:3001","service":"api-gateway","timestamp":"2025-05-28T12:11:44.967Z"}
{"level":"info","message":"Redis Url redis://localhost:6379","service":"api-gateway","timestamp":"2025-05-28T12:11:44.967Z"}
{"level":"info","message":"API Gateway is running on port 3000","service":"api-gateway","timestamp":"2025-05-28T12:12:20.733Z"}
{"level":"info","message":"Auth service is running on http://localhost:3001","service":"api-gateway","timestamp":"2025-05-28T12:12:20.737Z"}
{"level":"info","message":"Redis Url redis://localhost:6379","service":"api-gateway","timestamp":"2025-05-28T12:12:20.738Z"}
{"level":"info","message":"API Gateway is running on port 3000","service":"api-gateway","timestamp":"2025-05-28T12:12:41.088Z"}
{"level":"info","message":"Auth service is running on http://localhost:3001","service":"api-gateway","timestamp":"2025-05-28T12:12:41.092Z"}
{"level":"info","message":"Redis Url redis://localhost:6379","service":"api-gateway","timestamp":"2025-05-28T12:12:41.093Z"}
{"level":"info","message":"API Gateway is running on port 3000","service":"api-gateway","timestamp":"2025-05-28T12:33:46.449Z"}
{"level":"info","message":"Auth service is running on http://localhost:3001","service":"api-gateway","timestamp":"2025-05-28T12:33:46.453Z"}
{"level":"info","message":"Post service is running on http://localhost:3002","service":"api-gateway","timestamp":"2025-05-28T12:33:46.453Z"}
{"level":"info","message":"Redis Url redis://localhost:6379","service":"api-gateway","timestamp":"2025-05-28T12:33:46.454Z"}
{"level":"info","message":"Received POST request from /v1/posts/create","service":"api-gateway","timestamp":"2025-05-28T12:34:29.895Z"}
{"level":"info","message":"Received body undefined","service":"api-gateway","timestamp":"2025-05-28T12:34:29.896Z"}
{"level":"error","message":"Access attempted without a valid token","service":"api-gateway","timestamp":"2025-05-28T12:34:29.897Z"}
{"level":"info","message":"Received POST request from /v1/posts/create","service":"api-gateway","timestamp":"2025-05-28T12:34:58.385Z"}
{"level":"info","message":"Received body undefined","service":"api-gateway","timestamp":"2025-05-28T12:34:58.386Z"}
{"level":"warn","message":"Invalid token","service":"api-gateway","timestamp":"2025-05-28T12:34:58.391Z"}
{"level":"info","message":"Received POST request from /v1/auth/login","service":"api-gateway","timestamp":"2025-05-28T12:35:11.126Z"}
{"level":"info","message":"Received body [object Object]","service":"api-gateway","timestamp":"2025-05-28T12:35:11.127Z"}
{"level":"info","message":"Response received from auth service: 200","service":"api-gateway","timestamp":"2025-05-28T12:35:14.895Z"}
{"level":"info","message":"Received POST request from /v1/posts/create","service":"api-gateway","timestamp":"2025-05-28T12:35:30.663Z"}
{"level":"info","message":"Received body undefined","service":"api-gateway","timestamp":"2025-05-28T12:35:30.663Z"}
{"level":"info","message":"Response received from post service: 400","service":"api-gateway","timestamp":"2025-05-28T12:35:30.884Z"}
{"level":"info","message":"Received POST request from /v1/posts/create","service":"api-gateway","timestamp":"2025-05-28T12:36:16.121Z"}
{"level":"info","message":"Received body [object Object]","service":"api-gateway","timestamp":"2025-05-28T12:36:16.122Z"}
{"level":"info","message":"Response received from post service: 201","service":"api-gateway","timestamp":"2025-05-28T12:36:16.352Z"}
{"level":"info","message":"Received GET request from /v1/posts/all-posts","service":"api-gateway","timestamp":"2025-05-28T13:13:27.316Z"}
{"level":"info","message":"Received body undefined","service":"api-gateway","timestamp":"2025-05-28T13:13:27.317Z"}
{"level":"error","message":"Access attempted without a valid token","service":"api-gateway","timestamp":"2025-05-28T13:13:27.317Z"}
{"level":"info","message":"Received POST request from /v1/auth/login","service":"api-gateway","timestamp":"2025-05-28T13:13:34.466Z"}
{"level":"info","message":"Received body [object Object]","service":"api-gateway","timestamp":"2025-05-28T13:13:34.467Z"}
{"level":"info","message":"Response received from auth service: 200","service":"api-gateway","timestamp":"2025-05-28T13:13:34.986Z"}
{"level":"info","message":"Received GET request from /v1/posts/all-posts","service":"api-gateway","timestamp":"2025-05-28T13:13:53.833Z"}
{"level":"info","message":"Received body undefined","service":"api-gateway","timestamp":"2025-05-28T13:13:53.834Z"}
{"level":"info","message":"Response received from post service: 500","service":"api-gateway","timestamp":"2025-05-28T13:13:54.084Z"}
{"level":"info","message":"Received GET request from /v1/posts/all-posts","service":"api-gateway","timestamp":"2025-05-28T13:17:00.760Z"}
{"level":"info","message":"Received body undefined","service":"api-gateway","timestamp":"2025-05-28T13:17:00.760Z"}
{"level":"info","message":"Response received from post service: 200","service":"api-gateway","timestamp":"2025-05-28T13:17:01.256Z"}
{"level":"info","message":"Received GET request from /v1/posts/all-posts","service":"api-gateway","timestamp":"2025-05-28T13:17:14.179Z"}
{"level":"info","message":"Received body undefined","service":"api-gateway","timestamp":"2025-05-28T13:17:14.181Z"}
{"level":"info","message":"Response received from post service: 200","service":"api-gateway","timestamp":"2025-05-28T13:17:14.201Z"}
{"level":"info","message":"Received GET request from /v1/posts/all-posts","service":"api-gateway","timestamp":"2025-05-28T13:17:16.481Z"}
{"level":"info","message":"Received body undefined","service":"api-gateway","timestamp":"2025-05-28T13:17:16.481Z"}
{"level":"info","message":"Response received from post service: 200","service":"api-gateway","timestamp":"2025-05-28T13:17:16.488Z"}
{"level":"info","message":"Received GET request from /v1/posts/all-posts","service":"api-gateway","timestamp":"2025-05-28T13:17:18.356Z"}
{"level":"info","message":"Received body undefined","service":"api-gateway","timestamp":"2025-05-28T13:17:18.357Z"}
{"level":"info","message":"Response received from post service: 200","service":"api-gateway","timestamp":"2025-05-28T13:17:18.363Z"}
{"level":"info","message":"Received GET request from /v1/posts/all-posts","service":"api-gateway","timestamp":"2025-05-28T13:17:20.444Z"}
{"level":"info","message":"Received body undefined","service":"api-gateway","timestamp":"2025-05-28T13:17:20.444Z"}
{"level":"info","message":"Response received from post service: 200","service":"api-gateway","timestamp":"2025-05-28T13:17:20.450Z"}
{"level":"info","message":"Received POST request from /v1/posts/create","service":"api-gateway","timestamp":"2025-05-28T13:24:41.192Z"}
{"level":"info","message":"Received body [object Object]","service":"api-gateway","timestamp":"2025-05-28T13:24:41.192Z"}
{"level":"warn","message":"Invalid token","service":"api-gateway","timestamp":"2025-05-28T13:24:41.193Z"}
{"level":"info","message":"Received POST request from /v1/posts/create","service":"api-gateway","timestamp":"2025-05-28T13:24:57.946Z"}
{"level":"info","message":"Received body [object Object]","service":"api-gateway","timestamp":"2025-05-28T13:24:57.946Z"}
{"level":"info","message":"Response received from post service: 201","service":"api-gateway","timestamp":"2025-05-28T13:24:58.271Z"}
{"level":"info","message":"Received GET request from /v1/posts/all-posts","service":"api-gateway","timestamp":"2025-05-28T13:25:05.528Z"}
{"level":"info","message":"Received body undefined","service":"api-gateway","timestamp":"2025-05-28T13:25:05.528Z"}
{"level":"info","message":"Response received from post service: 200","service":"api-gateway","timestamp":"2025-05-28T13:25:05.945Z"}
{"level":"info","message":"Received GET request from /v1/posts/all-posts","service":"api-gateway","timestamp":"2025-05-28T13:25:10.683Z"}
{"level":"info","message":"Received body undefined","service":"api-gateway","timestamp":"2025-05-28T13:25:10.683Z"}
{"level":"info","message":"Response received from post service: 200","service":"api-gateway","timestamp":"2025-05-28T13:25:10.694Z"}
{"level":"info","message":"Received POST request from /v1/posts/create","service":"api-gateway","timestamp":"2025-05-28T13:25:24.415Z"}
{"level":"info","message":"Received body [object Object]","service":"api-gateway","timestamp":"2025-05-28T13:25:24.415Z"}
{"level":"info","message":"Response received from post service: 201","service":"api-gateway","timestamp":"2025-05-28T13:25:24.626Z"}
{"level":"info","message":"Received GET request from /v1/posts/all-posts","service":"api-gateway","timestamp":"2025-05-28T13:25:32.044Z"}
{"level":"info","message":"Received body undefined","service":"api-gateway","timestamp":"2025-05-28T13:25:32.045Z"}
{"level":"info","message":"Response received from post service: 200","service":"api-gateway","timestamp":"2025-05-28T13:25:32.483Z"}
{"level":"info","message":"Received GET request from /v1/posts/all-posts","service":"api-gateway","timestamp":"2025-05-28T13:25:38.159Z"}
{"level":"info","message":"Received body undefined","service":"api-gateway","timestamp":"2025-05-28T13:25:38.160Z"}
{"level":"info","message":"Response received from post service: 200","service":"api-gateway","timestamp":"2025-05-28T13:25:38.165Z"}
{"level":"info","message":"Received GET request from /v1/posts/all-posts","service":"api-gateway","timestamp":"2025-05-28T13:25:40.677Z"}
{"level":"info","message":"Received body undefined","service":"api-gateway","timestamp":"2025-05-28T13:25:40.677Z"}
{"level":"info","message":"Response received from post service: 200","service":"api-gateway","timestamp":"2025-05-28T13:25:40.683Z"}
{"level":"info","message":"Received GET request from /v1/posts/all-posts","service":"api-gateway","timestamp":"2025-05-28T13:25:42.840Z"}
{"level":"info","message":"Received body undefined","service":"api-gateway","timestamp":"2025-05-28T13:25:42.840Z"}
{"level":"info","message":"Response received from post service: 200","service":"api-gateway","timestamp":"2025-05-28T13:25:42.847Z"}
{"level":"info","message":"Received GET request from /v1/posts/all-posts","service":"api-gateway","timestamp":"2025-05-28T13:25:45.370Z"}
{"level":"info","message":"Received body undefined","service":"api-gateway","timestamp":"2025-05-28T13:25:45.371Z"}
{"level":"info","message":"Response received from post service: 200","service":"api-gateway","timestamp":"2025-05-28T13:25:45.377Z"}
{"level":"info","message":"Received GET request from /v1/posts/all-posts","service":"api-gateway","timestamp":"2025-05-28T13:25:47.062Z"}
{"level":"info","message":"Received body undefined","service":"api-gateway","timestamp":"2025-05-28T13:25:47.062Z"}
{"level":"info","message":"Response received from post service: 200","service":"api-gateway","timestamp":"2025-05-28T13:25:47.070Z"}
{"level":"info","message":"Received GET request from /v1/posts/68370ec4ad113560a4cdd297","service":"api-gateway","timestamp":"2025-05-28T13:36:25.815Z"}
{"level":"info","message":"Received body undefined","service":"api-gateway","timestamp":"2025-05-28T13:36:25.815Z"}
{"level":"error","message":"Access attempted without a valid token","service":"api-gateway","timestamp":"2025-05-28T13:36:25.815Z"}
{"level":"info","message":"Received GET request from /v1/posts/all-posts","service":"api-gateway","timestamp":"2025-05-28T13:36:30.402Z"}
{"level":"info","message":"Received body undefined","service":"api-gateway","timestamp":"2025-05-28T13:36:30.402Z"}
{"level":"warn","message":"Invalid token","service":"api-gateway","timestamp":"2025-05-28T13:36:30.403Z"}
{"level":"info","message":"Received POST request from /v1/auth/login","service":"api-gateway","timestamp":"2025-05-28T13:36:34.613Z"}
{"level":"info","message":"Received body [object Object]","service":"api-gateway","timestamp":"2025-05-28T13:36:34.613Z"}
{"level":"info","message":"Response received from auth service: 200","service":"api-gateway","timestamp":"2025-05-28T13:36:35.119Z"}
{"level":"info","message":"Received GET request from /v1/posts/68370ec4ad113560a4cdd297","service":"api-gateway","timestamp":"2025-05-28T13:36:52.710Z"}
{"level":"info","message":"Received body undefined","service":"api-gateway","timestamp":"2025-05-28T13:36:52.711Z"}
{"level":"info","message":"Response received from post service: 200","service":"api-gateway","timestamp":"2025-05-28T13:36:53.004Z"}
{"level":"info","message":"Received GET request from /v1/posts/all-posts","service":"api-gateway","timestamp":"2025-05-28T13:37:13.590Z"}
{"level":"info","message":"Received body undefined","service":"api-gateway","timestamp":"2025-05-28T13:37:13.591Z"}
{"level":"info","message":"Response received from post service: 200","service":"api-gateway","timestamp":"2025-05-28T13:37:14.444Z"}
{"level":"error","message":"MaxRetriesPerRequestError: Reached the max retries per request limit (which is 20). Refer to \"maxRetriesPerRequest\" option for details.\n    at Socket.<anonymous> (D:\\Node JS Projects\\social-media-microservices\\api-gateway\\node_modules\\ioredis\\built\\redis\\event_handler.js:182:37)\n    at Object.onceWrapper (node:events:633:26)\n    at Socket.emit (node:events:518:28)\n    at TCP.<anonymous> (node:net:351:12)","service":"api-gateway","timestamp":"2025-05-28T16:28:34.086Z"}
{"level":"info","message":"API Gateway is running on port 3000","service":"api-gateway","timestamp":"2025-05-29T11:45:51.908Z"}
{"level":"info","message":"Auth service is running on http://localhost:3001","service":"api-gateway","timestamp":"2025-05-29T11:45:51.917Z"}
{"level":"info","message":"Post service is running on http://localhost:3002","service":"api-gateway","timestamp":"2025-05-29T11:45:51.919Z"}
{"level":"info","message":"Media service is running on http://localhost:3003","service":"api-gateway","timestamp":"2025-05-29T11:45:51.920Z"}
{"level":"info","message":"Redis Url redis://localhost:6379","service":"api-gateway","timestamp":"2025-05-29T11:45:51.920Z"}
{"level":"info","message":"Received GET request from /v1/posts/all-posts","service":"api-gateway","timestamp":"2025-05-29T11:50:25.938Z"}
{"level":"info","message":"Received body undefined","service":"api-gateway","timestamp":"2025-05-29T11:50:25.939Z"}
{"level":"warn","message":"Invalid token","service":"api-gateway","timestamp":"2025-05-29T11:50:25.972Z"}
{"level":"info","message":"Received GET request from /v1/posts/68370ec4ad113560a4cdd297","service":"api-gateway","timestamp":"2025-05-29T11:50:38.478Z"}
{"level":"info","message":"Received body undefined","service":"api-gateway","timestamp":"2025-05-29T11:50:38.479Z"}
{"level":"warn","message":"Invalid token","service":"api-gateway","timestamp":"2025-05-29T11:50:38.481Z"}
{"level":"info","message":"Received POST request from /v1/media/upload","service":"api-gateway","timestamp":"2025-05-29T11:51:19.391Z"}
{"level":"info","message":"Received body undefined","service":"api-gateway","timestamp":"2025-05-29T11:51:19.391Z"}
{"level":"error","message":"Access attempted without a valid token","service":"api-gateway","timestamp":"2025-05-29T11:51:19.391Z"}
{"level":"info","message":"Received POST request from /v1/auth/login","service":"api-gateway","timestamp":"2025-05-29T11:51:35.912Z"}
{"level":"info","message":"Received body [object Object]","service":"api-gateway","timestamp":"2025-05-29T11:51:35.912Z"}
{"level":"info","message":"Response received from auth service: 200","service":"api-gateway","timestamp":"2025-05-29T11:51:36.947Z"}
{"level":"info","message":"Received POST request from /v1/media/upload","service":"api-gateway","timestamp":"2025-05-29T11:52:37.140Z"}
{"level":"info","message":"API Gateway is running on port 3000","service":"api-gateway","timestamp":"2025-05-29T11:56:07.537Z"}
{"level":"info","message":"Auth service is running on http://localhost:3001","service":"api-gateway","timestamp":"2025-05-29T11:56:07.541Z"}
{"level":"info","message":"Post service is running on http://localhost:3002","service":"api-gateway","timestamp":"2025-05-29T11:56:07.542Z"}
{"level":"info","message":"Media service is running on http://localhost:3003","service":"api-gateway","timestamp":"2025-05-29T11:56:07.542Z"}
{"level":"info","message":"Redis Url redis://localhost:6379","service":"api-gateway","timestamp":"2025-05-29T11:56:07.542Z"}
{"level":"info","message":"Received GET request from /v1/posts/all-posts","service":"api-gateway","timestamp":"2025-05-29T11:56:12.269Z"}
{"level":"info","message":"Received body undefined","service":"api-gateway","timestamp":"2025-05-29T11:56:12.269Z"}
{"level":"info","message":"Response received from post service: 200","service":"api-gateway","timestamp":"2025-05-29T11:56:12.982Z"}
{"level":"info","message":"Received POST request from /v1/media/upload","service":"api-gateway","timestamp":"2025-05-29T11:56:17.205Z"}
{"level":"info","message":"API Gateway is running on port 3000","service":"api-gateway","timestamp":"2025-05-29T11:57:39.700Z"}
{"level":"info","message":"Auth service is running on http://localhost:3001","service":"api-gateway","timestamp":"2025-05-29T11:57:39.703Z"}
{"level":"info","message":"Post service is running on http://localhost:3002","service":"api-gateway","timestamp":"2025-05-29T11:57:39.704Z"}
{"level":"info","message":"Media service is running on http://localhost:3003","service":"api-gateway","timestamp":"2025-05-29T11:57:39.704Z"}
{"level":"info","message":"Redis Url redis://localhost:6379","service":"api-gateway","timestamp":"2025-05-29T11:57:39.705Z"}
{"level":"info","message":"Received GET request from /v1/posts/68370ec4ad113560a4cdd297","service":"api-gateway","timestamp":"2025-05-29T11:57:47.620Z"}
{"level":"info","message":"Received body undefined","service":"api-gateway","timestamp":"2025-05-29T11:57:47.621Z"}
{"level":"info","message":"Response received from post service: 200","service":"api-gateway","timestamp":"2025-05-29T11:57:47.842Z"}
{"level":"info","message":"API Gateway is running on port 3000","service":"api-gateway","timestamp":"2025-05-29T11:58:25.128Z"}
{"level":"info","message":"Auth service is running on http://localhost:3001","service":"api-gateway","timestamp":"2025-05-29T11:58:25.133Z"}
{"level":"info","message":"Post service is running on http://localhost:3002","service":"api-gateway","timestamp":"2025-05-29T11:58:25.134Z"}
{"level":"info","message":"Media service is running on http://localhost:3003","service":"api-gateway","timestamp":"2025-05-29T11:58:25.134Z"}
{"level":"info","message":"Redis Url redis://localhost:6379","service":"api-gateway","timestamp":"2025-05-29T11:58:25.135Z"}
{"level":"info","message":"Received POST request from /v1/media/upload","service":"api-gateway","timestamp":"2025-05-29T11:58:33.217Z"}
{"level":"info","message":"API Gateway is running on port 3000","service":"api-gateway","timestamp":"2025-05-29T11:58:51.817Z"}
{"level":"info","message":"Auth service is running on http://localhost:3001","service":"api-gateway","timestamp":"2025-05-29T11:58:51.821Z"}
{"level":"info","message":"Post service is running on http://localhost:3002","service":"api-gateway","timestamp":"2025-05-29T11:58:51.821Z"}
{"level":"info","message":"Media service is running on http://localhost:3003","service":"api-gateway","timestamp":"2025-05-29T11:58:51.822Z"}
{"level":"info","message":"Redis Url redis://localhost:6379","service":"api-gateway","timestamp":"2025-05-29T11:58:51.822Z"}
{"level":"info","message":"Received POST request from /v1/media/upload","service":"api-gateway","timestamp":"2025-05-29T11:58:56.789Z"}
{"level":"info","message":"Received body undefined","service":"api-gateway","timestamp":"2025-05-29T11:58:56.790Z"}
{"level":"info","message":"Response received from media service: 201","service":"api-gateway","timestamp":"2025-05-29T11:59:01.080Z"}
{"level":"info","message":"API Gateway is running on port 3000","service":"api-gateway","timestamp":"2025-05-30T06:39:36.974Z"}
{"level":"info","message":"Auth service is running on http://localhost:3001","service":"api-gateway","timestamp":"2025-05-30T06:39:36.978Z"}
{"level":"info","message":"Post service is running on http://localhost:3002","service":"api-gateway","timestamp":"2025-05-30T06:39:36.979Z"}
{"level":"info","message":"Media service is running on http://localhost:3003","service":"api-gateway","timestamp":"2025-05-30T06:39:36.979Z"}
{"level":"info","message":"Redis Url redis://localhost:6379","service":"api-gateway","timestamp":"2025-05-30T06:39:36.980Z"}
{"level":"info","message":"Received POST request from /v1/auth/login","service":"api-gateway","timestamp":"2025-05-30T06:45:24.239Z"}
{"level":"info","message":"Received body [object Object]","service":"api-gateway","timestamp":"2025-05-30T06:45:24.240Z"}
{"level":"info","message":"Response received from auth service: 200","service":"api-gateway","timestamp":"2025-05-30T06:45:25.099Z"}
{"level":"info","message":"Received POST request from /v1/media/upload","service":"api-gateway","timestamp":"2025-05-30T06:48:13.002Z"}
{"level":"info","message":"Received body undefined","service":"api-gateway","timestamp":"2025-05-30T06:48:13.003Z"}
{"level":"info","message":"Response received from media service: 201","service":"api-gateway","timestamp":"2025-05-30T06:48:15.905Z"}
{"level":"info","message":"Received POST request from /v1/posts/create","service":"api-gateway","timestamp":"2025-05-30T06:49:34.002Z"}
{"level":"info","message":"Received body [object Object]","service":"api-gateway","timestamp":"2025-05-30T06:49:34.002Z"}
{"level":"info","message":"Response received from post service: 400","service":"api-gateway","timestamp":"2025-05-30T06:49:34.218Z"}
{"level":"info","message":"Received POST request from /v1/posts/create","service":"api-gateway","timestamp":"2025-05-30T06:50:45.176Z"}
{"level":"info","message":"Received body [object Object]","service":"api-gateway","timestamp":"2025-05-30T06:50:45.177Z"}
{"level":"error","message":"Proxy error: ","service":"api-gateway","timestamp":"2025-05-30T06:50:45.183Z"}
{"level":"info","message":"API Gateway is running on port 3000","service":"api-gateway","timestamp":"2025-05-30T06:52:59.447Z"}
{"level":"info","message":"Auth service is running on http://localhost:3001","service":"api-gateway","timestamp":"2025-05-30T06:52:59.451Z"}
{"level":"info","message":"Post service is running on http://localhost:3002","service":"api-gateway","timestamp":"2025-05-30T06:52:59.452Z"}
{"level":"info","message":"Media service is running on http://localhost:3003","service":"api-gateway","timestamp":"2025-05-30T06:52:59.452Z"}
{"level":"info","message":"Redis Url redis://localhost:6379","service":"api-gateway","timestamp":"2025-05-30T06:52:59.453Z"}
{"level":"info","message":"Received POST request from /v1/posts/create","service":"api-gateway","timestamp":"2025-05-30T06:53:06.230Z"}
{"level":"info","message":"Received body [object Object]","service":"api-gateway","timestamp":"2025-05-30T06:53:06.231Z"}
{"level":"info","message":"Response received from post service: 201","service":"api-gateway","timestamp":"2025-05-30T06:53:06.493Z"}
{"level":"info","message":"Received GET request from /v1/posts/all-posts","service":"api-gateway","timestamp":"2025-05-30T06:54:34.009Z"}
{"level":"info","message":"Received body undefined","service":"api-gateway","timestamp":"2025-05-30T06:54:34.010Z"}
{"level":"warn","message":"Invalid token","service":"api-gateway","timestamp":"2025-05-30T06:54:34.013Z"}
{"level":"info","message":"Received GET request from /v1/posts/all-posts","service":"api-gateway","timestamp":"2025-05-30T06:54:51.349Z"}
{"level":"info","message":"Received body undefined","service":"api-gateway","timestamp":"2025-05-30T06:54:51.350Z"}
{"level":"info","message":"Response received from post service: 200","service":"api-gateway","timestamp":"2025-05-30T06:54:51.762Z"}
{"level":"info","message":"Received DELETE request from /v1/posts/683955d260ce188ddf386296","service":"api-gateway","timestamp":"2025-05-30T06:55:34.260Z"}
{"level":"info","message":"Received body undefined","service":"api-gateway","timestamp":"2025-05-30T06:55:34.260Z"}
{"level":"info","message":"Response received from post service: 200","service":"api-gateway","timestamp":"2025-05-30T06:55:34.471Z"}
{"level":"info","message":"Received POST request from /v1/posts/create","service":"api-gateway","timestamp":"2025-05-30T07:03:04.563Z"}
{"level":"info","message":"Received body [object Object]","service":"api-gateway","timestamp":"2025-05-30T07:03:04.564Z"}
{"level":"info","message":"Response received from post service: 201","service":"api-gateway","timestamp":"2025-05-30T07:03:04.771Z"}
{"level":"info","message":"Received GET request from /v1/posts/all-posts","service":"api-gateway","timestamp":"2025-05-30T07:03:11.662Z"}
{"level":"info","message":"Received body undefined","service":"api-gateway","timestamp":"2025-05-30T07:03:11.662Z"}
{"level":"info","message":"Response received from post service: 200","service":"api-gateway","timestamp":"2025-05-30T07:03:12.063Z"}
{"level":"info","message":"Received DELETE request from /v1/posts/6839582860ce188ddf38629b","service":"api-gateway","timestamp":"2025-05-30T07:05:31.500Z"}
{"level":"info","message":"Received body undefined","service":"api-gateway","timestamp":"2025-05-30T07:05:31.501Z"}
{"level":"info","message":"Response received from post service: 200","service":"api-gateway","timestamp":"2025-05-30T07:05:31.708Z"}
{"level":"info","message":"Received POST request from /v1/posts/create","service":"api-gateway","timestamp":"2025-05-30T07:07:08.043Z"}
{"level":"info","message":"Received body [object Object]","service":"api-gateway","timestamp":"2025-05-30T07:07:08.044Z"}
{"level":"info","message":"Response received from post service: 201","service":"api-gateway","timestamp":"2025-05-30T07:07:08.252Z"}
{"level":"info","message":"Received GET request from /v1/posts/all-posts","service":"api-gateway","timestamp":"2025-05-30T07:07:15.445Z"}
{"level":"info","message":"Received body undefined","service":"api-gateway","timestamp":"2025-05-30T07:07:15.445Z"}
{"level":"info","message":"Response received from post service: 200","service":"api-gateway","timestamp":"2025-05-30T07:07:15.838Z"}
{"level":"info","message":"Received GET request from /v1/posts/6839591c60ce188ddf3862a0","service":"api-gateway","timestamp":"2025-05-30T07:08:03.907Z"}
{"level":"info","message":"Received body undefined","service":"api-gateway","timestamp":"2025-05-30T07:08:03.907Z"}
{"level":"warn","message":"Invalid token","service":"api-gateway","timestamp":"2025-05-30T07:08:03.908Z"}
{"level":"info","message":"Received GET request from /v1/posts/6839591c60ce188ddf3862a0","service":"api-gateway","timestamp":"2025-05-30T07:08:25.335Z"}
{"level":"info","message":"Received body undefined","service":"api-gateway","timestamp":"2025-05-30T07:08:25.336Z"}
{"level":"info","message":"Response received from post service: 200","service":"api-gateway","timestamp":"2025-05-30T07:08:25.538Z"}
{"level":"info","message":"Received DELETE request from /v1/posts/6839591c60ce188ddf3862a0","service":"api-gateway","timestamp":"2025-05-30T07:08:34.084Z"}
{"level":"info","message":"Received body undefined","service":"api-gateway","timestamp":"2025-05-30T07:08:34.085Z"}
{"level":"info","message":"Response received from post service: 200","service":"api-gateway","timestamp":"2025-05-30T07:08:34.289Z"}
{"level":"info","message":"Received DELETE request from /v1/posts/6839591c60ce188ddf3862a0","service":"api-gateway","timestamp":"2025-05-30T07:09:42.467Z"}
{"level":"info","message":"Received body undefined","service":"api-gateway","timestamp":"2025-05-30T07:09:42.468Z"}
{"level":"info","message":"Response received from post service: 404","service":"api-gateway","timestamp":"2025-05-30T07:09:42.671Z"}
{"level":"info","message":"Received POST request from /v1/posts/create","service":"api-gateway","timestamp":"2025-05-30T07:09:52.517Z"}
{"level":"info","message":"Received body [object Object]","service":"api-gateway","timestamp":"2025-05-30T07:09:52.517Z"}
{"level":"info","message":"Response received from post service: 201","service":"api-gateway","timestamp":"2025-05-30T07:09:52.726Z"}
{"level":"info","message":"Received GET request from /v1/posts/all-posts","service":"api-gateway","timestamp":"2025-05-30T07:09:56.639Z"}
{"level":"info","message":"Received body undefined","service":"api-gateway","timestamp":"2025-05-30T07:09:56.640Z"}
{"level":"info","message":"Response received from post service: 200","service":"api-gateway","timestamp":"2025-05-30T07:09:57.044Z"}
{"level":"info","message":"Received DELETE request from /v1/posts/683959c060ce188ddf3862a7","service":"api-gateway","timestamp":"2025-05-30T07:10:09.884Z"}
{"level":"info","message":"Received body undefined","service":"api-gateway","timestamp":"2025-05-30T07:10:09.885Z"}
{"level":"info","message":"Response received from post service: 200","service":"api-gateway","timestamp":"2025-05-30T07:10:10.086Z"}
{"level":"info","message":"Received POST request from /v1/posts/create","service":"api-gateway","timestamp":"2025-05-30T07:11:43.781Z"}
{"level":"info","message":"Received body [object Object]","service":"api-gateway","timestamp":"2025-05-30T07:11:43.782Z"}
{"level":"info","message":"Response received from post service: 201","service":"api-gateway","timestamp":"2025-05-30T07:11:43.986Z"}
{"level":"info","message":"Received GET request from /v1/posts/all-posts","service":"api-gateway","timestamp":"2025-05-30T07:11:49.650Z"}
{"level":"info","message":"Received body undefined","service":"api-gateway","timestamp":"2025-05-30T07:11:49.651Z"}
{"level":"info","message":"Response received from post service: 200","service":"api-gateway","timestamp":"2025-05-30T07:11:50.045Z"}
{"level":"info","message":"Received GET request from /v1/posts/68395a2f60ce188ddf3862ac","service":"api-gateway","timestamp":"2025-05-30T07:11:59.878Z"}
{"level":"info","message":"Received body undefined","service":"api-gateway","timestamp":"2025-05-30T07:11:59.878Z"}
{"level":"info","message":"Response received from post service: 200","service":"api-gateway","timestamp":"2025-05-30T07:12:00.093Z"}
{"level":"info","message":"Received DELETE request from /v1/posts/68395a2f60ce188ddf3862ac","service":"api-gateway","timestamp":"2025-05-30T07:12:08.261Z"}
{"level":"info","message":"Received body undefined","service":"api-gateway","timestamp":"2025-05-30T07:12:08.261Z"}
{"level":"info","message":"Response received from post service: 200","service":"api-gateway","timestamp":"2025-05-30T07:12:08.464Z"}
{"level":"info","message":"Received POST request from /v1/posts/create","service":"api-gateway","timestamp":"2025-05-30T07:13:23.951Z"}
{"level":"info","message":"Received body [object Object]","service":"api-gateway","timestamp":"2025-05-30T07:13:23.951Z"}
{"level":"info","message":"Response received from post service: 201","service":"api-gateway","timestamp":"2025-05-30T07:13:24.158Z"}
{"level":"info","message":"Received GET request from /v1/posts/all-posts","service":"api-gateway","timestamp":"2025-05-30T07:13:28.514Z"}
{"level":"info","message":"Received body undefined","service":"api-gateway","timestamp":"2025-05-30T07:13:28.514Z"}
{"level":"info","message":"Response received from post service: 200","service":"api-gateway","timestamp":"2025-05-30T07:13:28.938Z"}
{"level":"info","message":"Received DELETE request from /v1/posts/68395a9360ce188ddf3862b2","service":"api-gateway","timestamp":"2025-05-30T07:13:42.033Z"}
{"level":"info","message":"Received body undefined","service":"api-gateway","timestamp":"2025-05-30T07:13:42.034Z"}
{"level":"info","message":"Response received from post service: 200","service":"api-gateway","timestamp":"2025-05-30T07:13:42.256Z"}
{"level":"info","message":"Received GET request from /v1/posts/all-posts","service":"api-gateway","timestamp":"2025-05-30T07:15:01.653Z"}
{"level":"info","message":"Received body undefined","service":"api-gateway","timestamp":"2025-05-30T07:15:01.654Z"}
{"level":"info","message":"Response received from post service: 200","service":"api-gateway","timestamp":"2025-05-30T07:15:02.047Z"}
{"level":"info","message":"Received GET request from /v1/posts/all-posts","service":"api-gateway","timestamp":"2025-05-30T07:59:44.114Z"}
{"level":"info","message":"Received body undefined","service":"api-gateway","timestamp":"2025-05-30T07:59:44.116Z"}
{"level":"warn","message":"Invalid token","service":"api-gateway","timestamp":"2025-05-30T07:59:44.118Z"}
{"level":"info","message":"Received POST request from /v1/auth/login","service":"api-gateway","timestamp":"2025-05-30T07:59:49.150Z"}
{"level":"info","message":"Received body [object Object]","service":"api-gateway","timestamp":"2025-05-30T07:59:49.150Z"}
{"level":"info","message":"Response received from auth service: 200","service":"api-gateway","timestamp":"2025-05-30T07:59:49.681Z"}
{"level":"info","message":"Received GET request from /v1/posts/all-posts","service":"api-gateway","timestamp":"2025-05-30T08:00:14.300Z"}
{"level":"info","message":"Received body undefined","service":"api-gateway","timestamp":"2025-05-30T08:00:14.300Z"}
{"level":"info","message":"Response received from post service: 200","service":"api-gateway","timestamp":"2025-05-30T08:00:14.995Z"}
{"level":"info","message":"Received GET request from /v1/posts/68395a2f60ce188ddf3862ac","service":"api-gateway","timestamp":"2025-05-30T08:00:26.854Z"}
{"level":"info","message":"Received body undefined","service":"api-gateway","timestamp":"2025-05-30T08:00:26.855Z"}
{"level":"info","message":"Response received from post service: 404","service":"api-gateway","timestamp":"2025-05-30T08:00:27.059Z"}
{"level":"info","message":"Received GET request from /v1/posts/68370ec4ad113560a4cdd297","service":"api-gateway","timestamp":"2025-05-30T08:00:41.651Z"}
{"level":"info","message":"Received body undefined","service":"api-gateway","timestamp":"2025-05-30T08:00:41.651Z"}
{"level":"info","message":"Response received from post service: 200","service":"api-gateway","timestamp":"2025-05-30T08:00:41.851Z"}
{"level":"info","message":"Received POST request from /v1/posts/create","service":"api-gateway","timestamp":"2025-05-30T08:15:27.314Z"}
{"level":"info","message":"Received body [object Object]","service":"api-gateway","timestamp":"2025-05-30T08:15:27.314Z"}
{"level":"warn","message":"Invalid token","service":"api-gateway","timestamp":"2025-05-30T08:15:27.315Z"}
{"level":"info","message":"Received POST request from /v1/posts/create","service":"api-gateway","timestamp":"2025-05-30T08:15:44.482Z"}
{"level":"info","message":"Received body [object Object]","service":"api-gateway","timestamp":"2025-05-30T08:15:44.482Z"}
{"level":"info","message":"Response received from post service: 201","service":"api-gateway","timestamp":"2025-05-30T08:15:44.730Z"}
{"level":"info","message":"Received POST request from /v1/posts/create","service":"api-gateway","timestamp":"2025-05-30T08:20:34.765Z"}
{"level":"info","message":"Received body [object Object]","service":"api-gateway","timestamp":"2025-05-30T08:20:34.765Z"}
{"level":"info","message":"Response received from post service: 201","service":"api-gateway","timestamp":"2025-05-30T08:20:35.431Z"}
{"level":"info","message":"Received GET request from /v1/posts/all-posts","service":"api-gateway","timestamp":"2025-05-30T08:22:11.333Z"}
{"level":"info","message":"Received body undefined","service":"api-gateway","timestamp":"2025-05-30T08:22:11.333Z"}
{"level":"info","message":"Response received from post service: 200","service":"api-gateway","timestamp":"2025-05-30T08:22:11.734Z"}
{"level":"info","message":"Received DELETE request from /v1/posts/68396a524ad71d51d35b6042","service":"api-gateway","timestamp":"2025-05-30T08:22:28.653Z"}
{"level":"info","message":"Received body undefined","service":"api-gateway","timestamp":"2025-05-30T08:22:28.654Z"}
{"level":"warn","message":"Invalid token","service":"api-gateway","timestamp":"2025-05-30T08:22:28.655Z"}
{"level":"info","message":"Received DELETE request from /v1/posts/68396a524ad71d51d35b6042","service":"api-gateway","timestamp":"2025-05-30T08:22:44.658Z"}
{"level":"info","message":"Received body undefined","service":"api-gateway","timestamp":"2025-05-30T08:22:44.658Z"}
{"level":"info","message":"Response received from post service: 200","service":"api-gateway","timestamp":"2025-05-30T08:22:44.868Z"}
{"level":"info","message":"Received GET request from /v1/posts/all-posts","service":"api-gateway","timestamp":"2025-05-30T08:22:48.925Z"}
{"level":"info","message":"Received body undefined","service":"api-gateway","timestamp":"2025-05-30T08:22:48.925Z"}
{"level":"info","message":"Response received from post service: 200","service":"api-gateway","timestamp":"2025-05-30T08:22:49.322Z"}
{"level":"info","message":"Received DELETE request from /v1/posts/683969304ad71d51d35b6040","service":"api-gateway","timestamp":"2025-05-30T08:23:04.270Z"}
{"level":"info","message":"Received body undefined","service":"api-gateway","timestamp":"2025-05-30T08:23:04.271Z"}
{"level":"info","message":"Response received from post service: 200","service":"api-gateway","timestamp":"2025-05-30T08:23:04.473Z"}
{"level":"info","message":"Received GET request from /v1/posts/all-posts","service":"api-gateway","timestamp":"2025-05-30T08:23:08.625Z"}
{"level":"info","message":"Received body undefined","service":"api-gateway","timestamp":"2025-05-30T08:23:08.625Z"}
{"level":"info","message":"Response received from post service: 200","service":"api-gateway","timestamp":"2025-05-30T08:23:09.020Z"}
{"level":"info","message":"Received DELETE request from /v1/posts/68370ec4ad113560a4cdd297","service":"api-gateway","timestamp":"2025-05-30T08:23:23.030Z"}
{"level":"info","message":"Received body undefined","service":"api-gateway","timestamp":"2025-05-30T08:23:23.031Z"}
{"level":"info","message":"Response received from post service: 200","service":"api-gateway","timestamp":"2025-05-30T08:23:23.235Z"}
{"level":"info","message":"Received GET request from /v1/posts/all-posts","service":"api-gateway","timestamp":"2025-05-30T08:23:27.923Z"}
{"level":"info","message":"Received body undefined","service":"api-gateway","timestamp":"2025-05-30T08:23:27.923Z"}
{"level":"info","message":"Response received from post service: 200","service":"api-gateway","timestamp":"2025-05-30T08:23:28.316Z"}
{"level":"info","message":"Received DELETE request from /v1/posts/68370eaaad113560a4cdd293","service":"api-gateway","timestamp":"2025-05-30T08:23:36.480Z"}
{"level":"info","message":"Received body undefined","service":"api-gateway","timestamp":"2025-05-30T08:23:36.480Z"}
{"level":"info","message":"Response received from post service: 200","service":"api-gateway","timestamp":"2025-05-30T08:23:36.686Z"}
{"level":"info","message":"Received GET request from /v1/posts/all-posts","service":"api-gateway","timestamp":"2025-05-30T08:23:40.076Z"}
{"level":"info","message":"Received body undefined","service":"api-gateway","timestamp":"2025-05-30T08:23:40.076Z"}
{"level":"info","message":"Response received from post service: 200","service":"api-gateway","timestamp":"2025-05-30T08:23:40.467Z"}
{"level":"info","message":"Received DELETE request from /v1/posts/6837034031f0abff093e2b14","service":"api-gateway","timestamp":"2025-05-30T08:23:48.211Z"}
{"level":"info","message":"Received body undefined","service":"api-gateway","timestamp":"2025-05-30T08:23:48.211Z"}
{"level":"info","message":"Response received from post service: 200","service":"api-gateway","timestamp":"2025-05-30T08:23:48.412Z"}
{"level":"info","message":"Received GET request from /v1/posts/all-posts","service":"api-gateway","timestamp":"2025-05-30T08:23:51.840Z"}
{"level":"info","message":"Received body undefined","service":"api-gateway","timestamp":"2025-05-30T08:23:51.841Z"}
{"level":"info","message":"Response received from post service: 200","service":"api-gateway","timestamp":"2025-05-30T08:23:52.231Z"}
{"level":"info","message":"Received POST request from /v1/posts/create","service":"api-gateway","timestamp":"2025-05-30T08:24:55.981Z"}
{"level":"info","message":"Received body [object Object]","service":"api-gateway","timestamp":"2025-05-30T08:24:55.982Z"}
{"level":"info","message":"Response received from post service: 201","service":"api-gateway","timestamp":"2025-05-30T08:24:56.188Z"}
{"level":"info","message":"API Gateway is running on port 3000","service":"api-gateway","timestamp":"2025-05-30T08:29:29.219Z"}
{"level":"info","message":"Auth service is running on http://localhost:3001","service":"api-gateway","timestamp":"2025-05-30T08:29:29.223Z"}
{"level":"info","message":"Post service is running on http://localhost:3002","service":"api-gateway","timestamp":"2025-05-30T08:29:29.224Z"}
{"level":"info","message":"Media service is running on http://localhost:3003","service":"api-gateway","timestamp":"2025-05-30T08:29:29.224Z"}
{"level":"info","message":"Redis Url redis://localhost:6379","service":"api-gateway","timestamp":"2025-05-30T08:29:29.224Z"}
{"level":"info","message":"Received POST request from /v1/posts/create","service":"api-gateway","timestamp":"2025-05-30T08:29:39.240Z"}
{"level":"info","message":"Received body [object Object]","service":"api-gateway","timestamp":"2025-05-30T08:29:39.241Z"}
{"level":"info","message":"Response received from post service: 201","service":"api-gateway","timestamp":"2025-05-30T08:29:39.465Z"}
{"level":"info","message":"API Gateway is running on port 3000","service":"api-gateway","timestamp":"2025-05-30T08:31:19.355Z"}
{"level":"info","message":"Auth service is running on http://localhost:3001","service":"api-gateway","timestamp":"2025-05-30T08:31:19.360Z"}
{"level":"info","message":"Post service is running on http://localhost:3002","service":"api-gateway","timestamp":"2025-05-30T08:31:19.361Z"}
{"level":"info","message":"Media service is running on http://localhost:3003","service":"api-gateway","timestamp":"2025-05-30T08:31:19.361Z"}
{"level":"info","message":"Search service is running on http://localhost:3004","service":"api-gateway","timestamp":"2025-05-30T08:31:19.361Z"}
{"level":"info","message":"Redis Url redis://localhost:6379","service":"api-gateway","timestamp":"2025-05-30T08:31:19.362Z"}
{"level":"info","message":"Received POST request from /v1/posts/create","service":"api-gateway","timestamp":"2025-05-30T08:37:27.402Z"}
{"level":"info","message":"Received body [object Object]","service":"api-gateway","timestamp":"2025-05-30T08:37:27.403Z"}
{"level":"warn","message":"Invalid token","service":"api-gateway","timestamp":"2025-05-30T08:37:27.408Z"}
{"level":"info","message":"Received POST request from /v1/auth/login","service":"api-gateway","timestamp":"2025-05-30T08:37:35.552Z"}
{"level":"info","message":"Received body [object Object]","service":"api-gateway","timestamp":"2025-05-30T08:37:35.552Z"}
{"level":"info","message":"Response received from auth service: 200","service":"api-gateway","timestamp":"2025-05-30T08:37:36.074Z"}
{"level":"info","message":"Received GET request from /v1/posts/all-posts","service":"api-gateway","timestamp":"2025-05-30T08:38:14.247Z"}
{"level":"info","message":"Received body undefined","service":"api-gateway","timestamp":"2025-05-30T08:38:14.247Z"}
{"level":"info","message":"Response received from post service: 200","service":"api-gateway","timestamp":"2025-05-30T08:38:14.678Z"}
{"level":"info","message":"Received POST request from /v1/posts/create","service":"api-gateway","timestamp":"2025-05-30T08:38:28.339Z"}
{"level":"info","message":"Received body [object Object]","service":"api-gateway","timestamp":"2025-05-30T08:38:28.340Z"}
{"level":"info","message":"Response received from post service: 201","service":"api-gateway","timestamp":"2025-05-30T08:38:28.565Z"}
{"level":"info","message":"Received POST request from /v1/posts/create","service":"api-gateway","timestamp":"2025-05-30T08:39:07.207Z"}
{"level":"info","message":"Received body [object Object]","service":"api-gateway","timestamp":"2025-05-30T08:39:07.207Z"}
{"level":"info","message":"Response received from post service: 201","service":"api-gateway","timestamp":"2025-05-30T08:39:07.415Z"}
{"level":"info","message":"Received GET request from /v1/posts/all-posts","service":"api-gateway","timestamp":"2025-05-30T08:41:13.419Z"}
{"level":"info","message":"Received body undefined","service":"api-gateway","timestamp":"2025-05-30T08:41:13.419Z"}
{"level":"info","message":"Response received from post service: 200","service":"api-gateway","timestamp":"2025-05-30T08:41:13.814Z"}
{"level":"info","message":"Received DELETE request from /v1/posts/68396eab19a278d0c5bae0b3","service":"api-gateway","timestamp":"2025-05-30T08:41:28.113Z"}
{"level":"info","message":"Received body undefined","service":"api-gateway","timestamp":"2025-05-30T08:41:28.113Z"}
{"level":"warn","message":"Invalid token","service":"api-gateway","timestamp":"2025-05-30T08:41:28.115Z"}
{"level":"info","message":"Received DELETE request from /v1/posts/68396eab19a278d0c5bae0b3","service":"api-gateway","timestamp":"2025-05-30T08:41:45.400Z"}
{"level":"info","message":"Received body undefined","service":"api-gateway","timestamp":"2025-05-30T08:41:45.400Z"}
{"level":"info","message":"Response received from post service: 200","service":"api-gateway","timestamp":"2025-05-30T08:41:45.610Z"}
{"level":"info","message":"Received GET request from /v1/posts/all-posts","service":"api-gateway","timestamp":"2025-05-30T08:41:51.001Z"}
{"level":"info","message":"Received body undefined","service":"api-gateway","timestamp":"2025-05-30T08:41:51.001Z"}
{"level":"info","message":"Response received from post service: 200","service":"api-gateway","timestamp":"2025-05-30T08:41:51.407Z"}
{"level":"info","message":"Received POST request from /v1/posts/create","service":"api-gateway","timestamp":"2025-05-30T08:41:59.691Z"}
{"level":"info","message":"Received body [object Object]","service":"api-gateway","timestamp":"2025-05-30T08:41:59.692Z"}
{"level":"info","message":"Response received from post service: 201","service":"api-gateway","timestamp":"2025-05-30T08:41:59.952Z"}
{"level":"info","message":"Received GET request from /v1/posts/all-posts","service":"api-gateway","timestamp":"2025-05-30T08:43:42.173Z"}
{"level":"info","message":"Received body undefined","service":"api-gateway","timestamp":"2025-05-30T08:43:42.174Z"}
{"level":"info","message":"Response received from post service: 200","service":"api-gateway","timestamp":"2025-05-30T08:43:42.569Z"}
{"level":"info","message":"Received DELETE request from /v1/posts/68396f5719a278d0c5bae0ba","service":"api-gateway","timestamp":"2025-05-30T08:43:52.708Z"}
{"level":"info","message":"Received body undefined","service":"api-gateway","timestamp":"2025-05-30T08:43:52.709Z"}
{"level":"info","message":"Response received from post service: 200","service":"api-gateway","timestamp":"2025-05-30T08:43:52.916Z"}
{"level":"info","message":"Received GET request from /v1/posts/all-posts","service":"api-gateway","timestamp":"2025-05-30T08:43:57.517Z"}
{"level":"info","message":"Received body undefined","service":"api-gateway","timestamp":"2025-05-30T08:43:57.518Z"}
{"level":"info","message":"Response received from post service: 200","service":"api-gateway","timestamp":"2025-05-30T08:43:57.912Z"}
{"level":"info","message":"Received POST request from /v1/posts/create","service":"api-gateway","timestamp":"2025-05-30T08:44:02.507Z"}
{"level":"info","message":"Received body [object Object]","service":"api-gateway","timestamp":"2025-05-30T08:44:02.507Z"}
{"level":"info","message":"Response received from post service: 201","service":"api-gateway","timestamp":"2025-05-30T08:44:02.712Z"}
{"level":"info","message":"Received POST request from /v1/posts/create","service":"api-gateway","timestamp":"2025-05-30T08:45:07.690Z"}
{"level":"info","message":"Received body [object Object]","service":"api-gateway","timestamp":"2025-05-30T08:45:07.691Z"}
{"level":"info","message":"Response received from post service: 201","service":"api-gateway","timestamp":"2025-05-30T08:45:07.898Z"}
{"level":"info","message":"Received POST request from /v1/posts/create","service":"api-gateway","timestamp":"2025-05-30T08:45:56.071Z"}
{"level":"info","message":"Received body [object Object]","service":"api-gateway","timestamp":"2025-05-30T08:45:56.072Z"}
{"level":"info","message":"Response received from post service: 201","service":"api-gateway","timestamp":"2025-05-30T08:45:56.277Z"}
{"level":"info","message":"Received POST request from /v1/posts/create","service":"api-gateway","timestamp":"2025-05-30T08:51:44.904Z"}
{"level":"info","message":"Received body [object Object]","service":"api-gateway","timestamp":"2025-05-30T08:51:44.904Z"}
{"level":"info","message":"Response received from post service: 201","service":"api-gateway","timestamp":"2025-05-30T08:51:45.107Z"}
{"level":"info","message":"Received POST request from /v1/posts/create","service":"api-gateway","timestamp":"2025-05-30T08:52:08.286Z"}
{"level":"info","message":"Received body [object Object]","service":"api-gateway","timestamp":"2025-05-30T08:52:08.287Z"}
{"level":"info","message":"Response received from post service: 201","service":"api-gateway","timestamp":"2025-05-30T08:52:08.492Z"}
{"level":"info","message":"Received POST request from /v1/posts/create","service":"api-gateway","timestamp":"2025-05-30T08:53:10.634Z"}
{"level":"info","message":"Received body [object Object]","service":"api-gateway","timestamp":"2025-05-30T08:53:10.635Z"}
{"level":"info","message":"Response received from post service: 201","service":"api-gateway","timestamp":"2025-05-30T08:53:10.845Z"}
{"level":"info","message":"Received POST request from /v1/posts/create","service":"api-gateway","timestamp":"2025-05-30T08:54:51.962Z"}
{"level":"info","message":"Received body [object Object]","service":"api-gateway","timestamp":"2025-05-30T08:54:51.963Z"}
{"level":"info","message":"Response received from post service: 201","service":"api-gateway","timestamp":"2025-05-30T08:54:52.171Z"}
{"level":"info","message":"Received POST request from /v1/posts/create","service":"api-gateway","timestamp":"2025-05-30T08:55:08.353Z"}
{"level":"info","message":"Received body [object Object]","service":"api-gateway","timestamp":"2025-05-30T08:55:08.353Z"}
{"level":"info","message":"Response received from post service: 201","service":"api-gateway","timestamp":"2025-05-30T08:55:08.557Z"}
{"level":"info","message":"Received POST request from /v1/posts/create","service":"api-gateway","timestamp":"2025-05-30T08:57:20.294Z"}
{"level":"info","message":"Received body [object Object]","service":"api-gateway","timestamp":"2025-05-30T08:57:20.295Z"}
{"level":"info","message":"Response received from post service: 201","service":"api-gateway","timestamp":"2025-05-30T08:57:20.499Z"}
{"level":"info","message":"Received POST request from /v1/posts/create","service":"api-gateway","timestamp":"2025-05-30T09:00:42.875Z"}
{"level":"info","message":"Received body [object Object]","service":"api-gateway","timestamp":"2025-05-30T09:00:42.903Z"}
{"level":"info","message":"Response received from post service: 201","service":"api-gateway","timestamp":"2025-05-30T09:00:43.142Z"}
{"level":"info","message":"Received GET request from /v1/posts/all-posts","service":"api-gateway","timestamp":"2025-05-30T09:02:40.418Z"}
{"level":"info","message":"Received body undefined","service":"api-gateway","timestamp":"2025-05-30T09:02:40.419Z"}
{"level":"info","message":"Response received from post service: 200","service":"api-gateway","timestamp":"2025-05-30T09:02:40.811Z"}
{"level":"info","message":"Received POST request from /v1/posts/create","service":"api-gateway","timestamp":"2025-05-30T09:02:50.446Z"}
{"level":"info","message":"Received body [object Object]","service":"api-gateway","timestamp":"2025-05-30T09:02:50.446Z"}
{"level":"info","message":"Response received from post service: 201","service":"api-gateway","timestamp":"2025-05-30T09:02:50.663Z"}
{"level":"info","message":"Received POST request from /v1/posts/create","service":"api-gateway","timestamp":"2025-05-30T09:03:07.537Z"}
{"level":"info","message":"Received body [object Object]","service":"api-gateway","timestamp":"2025-05-30T09:03:07.537Z"}
{"level":"info","message":"Response received from post service: 201","service":"api-gateway","timestamp":"2025-05-30T09:03:07.743Z"}
{"level":"info","message":"Received POST request from /v1/posts/create","service":"api-gateway","timestamp":"2025-05-30T09:06:27.930Z"}
{"level":"info","message":"Received body [object Object]","service":"api-gateway","timestamp":"2025-05-30T09:06:27.930Z"}
{"level":"info","message":"Response received from post service: 201","service":"api-gateway","timestamp":"2025-05-30T09:06:28.185Z"}
{"level":"info","message":"Received GET request from /v1/posts/all-posts","service":"api-gateway","timestamp":"2025-05-30T09:11:16.462Z"}
{"level":"info","message":"Received body undefined","service":"api-gateway","timestamp":"2025-05-30T09:11:16.462Z"}
{"level":"warn","message":"Invalid token","service":"api-gateway","timestamp":"2025-05-30T09:11:16.463Z"}
{"level":"info","message":"Received POST request from /v1/auth/login","service":"api-gateway","timestamp":"2025-05-30T09:11:20.336Z"}
{"level":"info","message":"Received body [object Object]","service":"api-gateway","timestamp":"2025-05-30T09:11:20.337Z"}
{"level":"info","message":"Response received from auth service: 200","service":"api-gateway","timestamp":"2025-05-30T09:11:20.840Z"}
{"level":"info","message":"Received GET request from /v1/posts/all-posts","service":"api-gateway","timestamp":"2025-05-30T09:11:33.350Z"}
{"level":"info","message":"Received body undefined","service":"api-gateway","timestamp":"2025-05-30T09:11:33.350Z"}
{"level":"info","message":"Response received from post service: 200","service":"api-gateway","timestamp":"2025-05-30T09:11:33.759Z"}
{"level":"info","message":"Received DELETE request from /v1/posts/6839751399b9064b369403f8","service":"api-gateway","timestamp":"2025-05-30T09:11:47.642Z"}
{"level":"info","message":"Received body undefined","service":"api-gateway","timestamp":"2025-05-30T09:11:47.642Z"}
{"level":"warn","message":"Invalid token","service":"api-gateway","timestamp":"2025-05-30T09:11:47.643Z"}
{"level":"info","message":"Received DELETE request from /v1/posts/6839751399b9064b369403f8","service":"api-gateway","timestamp":"2025-05-30T09:12:08.048Z"}
{"level":"info","message":"Received body undefined","service":"api-gateway","timestamp":"2025-05-30T09:12:08.048Z"}
{"level":"warn","message":"Invalid token","service":"api-gateway","timestamp":"2025-05-30T09:12:08.049Z"}
{"level":"info","message":"Received GET request from /v1/posts/all-posts","service":"api-gateway","timestamp":"2025-05-30T09:12:12.702Z"}
{"level":"info","message":"Received body undefined","service":"api-gateway","timestamp":"2025-05-30T09:12:12.703Z"}
{"level":"info","message":"Response received from post service: 200","service":"api-gateway","timestamp":"2025-05-30T09:12:12.709Z"}
{"level":"info","message":"Received DELETE request from /v1/posts/6839751399b9064b369403f8","service":"api-gateway","timestamp":"2025-05-30T09:12:24.488Z"}
{"level":"info","message":"Received body undefined","service":"api-gateway","timestamp":"2025-05-30T09:12:24.488Z"}
{"level":"warn","message":"Invalid token","service":"api-gateway","timestamp":"2025-05-30T09:12:24.488Z"}
{"level":"info","message":"Received DELETE request from /v1/posts/6839751399b9064b369403f8","service":"api-gateway","timestamp":"2025-05-30T09:12:47.090Z"}
{"level":"info","message":"Received body undefined","service":"api-gateway","timestamp":"2025-05-30T09:12:47.090Z"}
{"level":"info","message":"Response received from post service: 200","service":"api-gateway","timestamp":"2025-05-30T09:12:47.298Z"}
{"level":"info","message":"Received GET request from /v1/posts/all-posts","service":"api-gateway","timestamp":"2025-05-30T09:14:19.779Z"}
{"level":"info","message":"Received body undefined","service":"api-gateway","timestamp":"2025-05-30T09:14:19.779Z"}
{"level":"info","message":"Response received from post service: 200","service":"api-gateway","timestamp":"2025-05-30T09:14:20.173Z"}
{"level":"info","message":"Received DELETE request from /v1/posts/6839744b19a278d0c5bae0d9","service":"api-gateway","timestamp":"2025-05-30T09:14:31.111Z"}
{"level":"info","message":"Received body undefined","service":"api-gateway","timestamp":"2025-05-30T09:14:31.111Z"}
{"level":"info","message":"Response received from post service: 200","service":"api-gateway","timestamp":"2025-05-30T09:14:31.319Z"}
{"level":"info","message":"Received GET request from /v1/posts/all-posts","service":"api-gateway","timestamp":"2025-05-30T09:15:07.828Z"}
{"level":"info","message":"Received body undefined","service":"api-gateway","timestamp":"2025-05-30T09:15:07.828Z"}
{"level":"info","message":"Response received from post service: 200","service":"api-gateway","timestamp":"2025-05-30T09:15:08.224Z"}
{"level":"info","message":"Received DELETE request from /v1/posts/6839743a19a278d0c5bae0d7","service":"api-gateway","timestamp":"2025-05-30T09:15:28.559Z"}
{"level":"info","message":"Received body undefined","service":"api-gateway","timestamp":"2025-05-30T09:15:28.560Z"}
{"level":"info","message":"Response received from post service: 200","service":"api-gateway","timestamp":"2025-05-30T09:15:28.764Z"}
{"level":"info","message":"Received GET request from /v1/posts/all-posts","service":"api-gateway","timestamp":"2025-05-30T09:29:44.671Z"}
{"level":"info","message":"Received body undefined","service":"api-gateway","timestamp":"2025-05-30T09:29:44.672Z"}
{"level":"info","message":"Response received from post service: 200","service":"api-gateway","timestamp":"2025-05-30T09:29:45.070Z"}
{"level":"info","message":"Received POST request from /v1/posts/create","service":"api-gateway","timestamp":"2025-05-30T09:29:58.746Z"}
{"level":"info","message":"Received body [object Object]","service":"api-gateway","timestamp":"2025-05-30T09:29:58.746Z"}
{"level":"warn","message":"Invalid token","service":"api-gateway","timestamp":"2025-05-30T09:29:58.747Z"}
{"level":"info","message":"Received POST request from /v1/auth/login","service":"api-gateway","timestamp":"2025-05-30T09:30:02.821Z"}
{"level":"info","message":"Received body [object Object]","service":"api-gateway","timestamp":"2025-05-30T09:30:02.822Z"}
{"level":"info","message":"Response received from auth service: 200","service":"api-gateway","timestamp":"2025-05-30T09:30:03.465Z"}
{"level":"info","message":"Received POST request from /v1/posts/create","service":"api-gateway","timestamp":"2025-05-30T09:30:16.686Z"}
{"level":"info","message":"Received body [object Object]","service":"api-gateway","timestamp":"2025-05-30T09:30:16.687Z"}
{"level":"info","message":"Response received from post service: 201","service":"api-gateway","timestamp":"2025-05-30T09:30:16.902Z"}
{"level":"info","message":"Received POST request from /v1/posts/create","service":"api-gateway","timestamp":"2025-05-30T09:30:25.112Z"}
{"level":"info","message":"Received body [object Object]","service":"api-gateway","timestamp":"2025-05-30T09:30:25.112Z"}
{"level":"info","message":"Response received from post service: 201","service":"api-gateway","timestamp":"2025-05-30T09:30:25.318Z"}
{"level":"info","message":"Received POST request from /v1/posts/create","service":"api-gateway","timestamp":"2025-05-30T09:30:31.288Z"}
{"level":"info","message":"Received body [object Object]","service":"api-gateway","timestamp":"2025-05-30T09:30:31.289Z"}
{"level":"info","message":"Response received from post service: 201","service":"api-gateway","timestamp":"2025-05-30T09:30:31.495Z"}
{"level":"info","message":"Received POST request from /v1/posts/create","service":"api-gateway","timestamp":"2025-05-30T09:30:38.357Z"}
{"level":"info","message":"Received body [object Object]","service":"api-gateway","timestamp":"2025-05-30T09:30:38.358Z"}
{"level":"info","message":"Response received from post service: 201","service":"api-gateway","timestamp":"2025-05-30T09:30:38.561Z"}
{"level":"info","message":"Received POST request from /v1/posts/create","service":"api-gateway","timestamp":"2025-05-30T09:30:44.465Z"}
{"level":"info","message":"Received body [object Object]","service":"api-gateway","timestamp":"2025-05-30T09:30:44.466Z"}
{"level":"info","message":"Response received from post service: 201","service":"api-gateway","timestamp":"2025-05-30T09:30:44.671Z"}
{"level":"info","message":"Received GET request from /v1/search/posts?query=%22First%22","service":"api-gateway","timestamp":"2025-05-30T09:31:53.898Z"}
{"level":"info","message":"Received body undefined","service":"api-gateway","timestamp":"2025-05-30T09:31:53.898Z"}
{"level":"error","message":"Access attempted without a valid token","service":"api-gateway","timestamp":"2025-05-30T09:31:53.931Z"}
{"level":"info","message":"Received GET request from /v1/search/posts?query=%22First%22","service":"api-gateway","timestamp":"2025-05-30T09:32:19.309Z"}
{"level":"info","message":"Received body undefined","service":"api-gateway","timestamp":"2025-05-30T09:32:19.310Z"}
{"level":"warn","message":"Invalid token","service":"api-gateway","timestamp":"2025-05-30T09:32:19.310Z"}
{"level":"info","message":"Received GET request from /v1/search/posts?query=%22First%22","service":"api-gateway","timestamp":"2025-05-30T09:32:35.847Z"}
{"level":"info","message":"Received body undefined","service":"api-gateway","timestamp":"2025-05-30T09:32:35.848Z"}
{"level":"info","message":"Response received from search service: 500","service":"api-gateway","timestamp":"2025-05-30T09:32:36.275Z"}
{"level":"info","message":"Received GET request from /v1/search/posts?query=%22First%22","service":"api-gateway","timestamp":"2025-05-30T09:33:06.598Z"}
{"level":"info","message":"Received body undefined","service":"api-gateway","timestamp":"2025-05-30T09:33:06.598Z"}
{"level":"info","message":"Response received from search service: 200","service":"api-gateway","timestamp":"2025-05-30T09:33:06.828Z"}
{"level":"info","message":"Received GET request from /v1/search/posts?query=%22Second%22","service":"api-gateway","timestamp":"2025-05-30T09:33:15.824Z"}
{"level":"info","message":"Received body undefined","service":"api-gateway","timestamp":"2025-05-30T09:33:15.846Z"}
{"level":"info","message":"Response received from search service: 200","service":"api-gateway","timestamp":"2025-05-30T09:33:16.067Z"}
{"level":"info","message":"Received GET request from /v1/search/posts?query=%22Third%22","service":"api-gateway","timestamp":"2025-05-30T09:33:30.616Z"}
{"level":"info","message":"Received body undefined","service":"api-gateway","timestamp":"2025-05-30T09:33:30.616Z"}
{"level":"info","message":"Response received from search service: 200","service":"api-gateway","timestamp":"2025-05-30T09:33:30.831Z"}
{"level":"info","message":"Received GET request from /v1/search/posts?query=%22third%22","service":"api-gateway","timestamp":"2025-05-30T09:33:35.796Z"}
{"level":"info","message":"Received body undefined","service":"api-gateway","timestamp":"2025-05-30T09:33:35.797Z"}
{"level":"info","message":"Response received from search service: 200","service":"api-gateway","timestamp":"2025-05-30T09:33:35.996Z"}
{"level":"info","message":"Received GET request from /v1/search/posts?query=%22second%22","service":"api-gateway","timestamp":"2025-05-30T09:33:43.040Z"}
{"level":"info","message":"Received body undefined","service":"api-gateway","timestamp":"2025-05-30T09:33:43.040Z"}
{"level":"info","message":"Response received from search service: 200","service":"api-gateway","timestamp":"2025-05-30T09:33:43.241Z"}
{"level":"info","message":"Received GET request from /v1/search/posts?query=second","service":"api-gateway","timestamp":"2025-05-30T09:34:24.024Z"}
{"level":"info","message":"Received body undefined","service":"api-gateway","timestamp":"2025-05-30T09:34:24.026Z"}
{"level":"info","message":"Response received from search service: 200","service":"api-gateway","timestamp":"2025-05-30T09:34:24.244Z"}
{"level":"info","message":"Received GET request from /v1/search/posts?query=third","service":"api-gateway","timestamp":"2025-05-30T09:34:32.200Z"}
{"level":"info","message":"Received body undefined","service":"api-gateway","timestamp":"2025-05-30T09:34:32.200Z"}
{"level":"info","message":"Response received from search service: 200","service":"api-gateway","timestamp":"2025-05-30T09:34:32.398Z"}
{"level":"info","message":"Received POST request from /v1/posts/create","service":"api-gateway","timestamp":"2025-05-30T09:35:00.505Z"}
{"level":"info","message":"Received body [object Object]","service":"api-gateway","timestamp":"2025-05-30T09:35:00.505Z"}
{"level":"info","message":"Response received from post service: 201","service":"api-gateway","timestamp":"2025-05-30T09:35:00.706Z"}
{"level":"info","message":"Received GET request from /v1/search/posts?query=just","service":"api-gateway","timestamp":"2025-05-30T09:35:08.664Z"}
{"level":"info","message":"Received body undefined","service":"api-gateway","timestamp":"2025-05-30T09:35:08.665Z"}
{"level":"info","message":"Response received from search service: 200","service":"api-gateway","timestamp":"2025-05-30T09:35:08.865Z"}
{"level":"info","message":"Received GET request from /v1/search/posts?query=sample","service":"api-gateway","timestamp":"2025-05-30T09:35:15.979Z"}
{"level":"info","message":"Received body undefined","service":"api-gateway","timestamp":"2025-05-30T09:35:15.979Z"}
{"level":"info","message":"Response received from search service: 200","service":"api-gateway","timestamp":"2025-05-30T09:35:16.181Z"}
{"level":"info","message":"Received GET request from /v1/search/posts?query=is","service":"api-gateway","timestamp":"2025-05-30T09:35:21.877Z"}
{"level":"info","message":"Received body undefined","service":"api-gateway","timestamp":"2025-05-30T09:35:21.877Z"}
{"level":"info","message":"Response received from search service: 200","service":"api-gateway","timestamp":"2025-05-30T09:35:22.075Z"}
{"level":"info","message":"Received GET request from /v1/search/posts?query=firs","service":"api-gateway","timestamp":"2025-05-30T09:35:31.530Z"}
{"level":"info","message":"Received body undefined","service":"api-gateway","timestamp":"2025-05-30T09:35:31.531Z"}
{"level":"info","message":"Response received from search service: 200","service":"api-gateway","timestamp":"2025-05-30T09:35:31.730Z"}
{"level":"info","message":"Received GET request from /v1/search/posts?query=first","service":"api-gateway","timestamp":"2025-05-30T09:35:35.543Z"}
{"level":"info","message":"Received body undefined","service":"api-gateway","timestamp":"2025-05-30T09:35:35.543Z"}
{"level":"info","message":"Response received from search service: 200","service":"api-gateway","timestamp":"2025-05-30T09:35:35.742Z"}
{"level":"info","message":"Received GET request from /v1/search/posts?query=just","service":"api-gateway","timestamp":"2025-05-30T09:35:45.532Z"}
{"level":"info","message":"Received body undefined","service":"api-gateway","timestamp":"2025-05-30T09:35:45.533Z"}
{"level":"info","message":"Response received from search service: 200","service":"api-gateway","timestamp":"2025-05-30T09:35:45.768Z"}
{"level":"info","message":"Received POST request from /v1/auth/login","service":"api-gateway","timestamp":"2025-05-30T10:11:47.593Z"}
{"level":"info","message":"Received body [object Object]","service":"api-gateway","timestamp":"2025-05-30T10:11:47.593Z"}
{"level":"info","message":"Response received from auth service: 200","service":"api-gateway","timestamp":"2025-05-30T10:11:48.240Z"}
{"level":"info","message":"Received GET request from /v1/search/posts?query=just","service":"api-gateway","timestamp":"2025-05-30T10:12:05.505Z"}
{"level":"info","message":"Received body undefined","service":"api-gateway","timestamp":"2025-05-30T10:12:05.505Z"}
{"level":"info","message":"Response received from search service: 200","service":"api-gateway","timestamp":"2025-05-30T10:12:05.832Z"}
{"level":"info","message":"Received GET request from /v1/search/posts?query=just","service":"api-gateway","timestamp":"2025-05-30T10:12:08.111Z"}
{"level":"info","message":"Received body undefined","service":"api-gateway","timestamp":"2025-05-30T10:12:08.112Z"}
{"level":"info","message":"Response received from search service: 200","service":"api-gateway","timestamp":"2025-05-30T10:12:08.120Z"}
{"level":"info","message":"Received GET request from /v1/search/posts?query=just","service":"api-gateway","timestamp":"2025-05-30T10:12:09.605Z"}
{"level":"info","message":"Received body undefined","service":"api-gateway","timestamp":"2025-05-30T10:12:09.606Z"}
{"level":"info","message":"Response received from search service: 200","service":"api-gateway","timestamp":"2025-05-30T10:12:09.614Z"}
{"level":"info","message":"Received GET request from /v1/search/posts?query=just","service":"api-gateway","timestamp":"2025-05-30T10:12:11.280Z"}
{"level":"info","message":"Received body undefined","service":"api-gateway","timestamp":"2025-05-30T10:12:11.280Z"}
{"level":"info","message":"Response received from search service: 200","service":"api-gateway","timestamp":"2025-05-30T10:12:11.285Z"}
{"level":"info","message":"Received GET request from /v1/search/posts?query=first","service":"api-gateway","timestamp":"2025-05-30T10:12:18.920Z"}
{"level":"info","message":"Received body undefined","service":"api-gateway","timestamp":"2025-05-30T10:12:18.920Z"}
{"level":"info","message":"Response received from search service: 200","service":"api-gateway","timestamp":"2025-05-30T10:12:19.142Z"}
{"level":"info","message":"Received GET request from /v1/search/posts?query=first","service":"api-gateway","timestamp":"2025-05-30T10:12:23.181Z"}
{"level":"info","message":"Received body undefined","service":"api-gateway","timestamp":"2025-05-30T10:12:23.181Z"}
{"level":"info","message":"Response received from search service: 200","service":"api-gateway","timestamp":"2025-05-30T10:12:23.196Z"}
{"level":"info","message":"Received GET request from /v1/search/posts?query=first","service":"api-gateway","timestamp":"2025-05-30T10:12:27.785Z"}
{"level":"info","message":"Received body undefined","service":"api-gateway","timestamp":"2025-05-30T10:12:27.785Z"}
{"level":"info","message":"Response received from search service: 200","service":"api-gateway","timestamp":"2025-05-30T10:12:27.810Z"}
{"level":"info","message":"Received GET request from /v1/search/posts?query=first","service":"api-gateway","timestamp":"2025-05-30T10:12:30.384Z"}
{"level":"info","message":"Received body undefined","service":"api-gateway","timestamp":"2025-05-30T10:12:30.385Z"}
{"level":"info","message":"Response received from search service: 200","service":"api-gateway","timestamp":"2025-05-30T10:12:30.389Z"}
{"level":"info","message":"Received GET request from /v1/search/posts?query=first","service":"api-gateway","timestamp":"2025-05-30T10:14:44.205Z"}
{"level":"info","message":"Received body undefined","service":"api-gateway","timestamp":"2025-05-30T10:14:44.206Z"}
{"level":"info","message":"Response received from search service: 200","service":"api-gateway","timestamp":"2025-05-30T10:14:44.614Z"}
{"level":"info","message":"Received GET request from /v1/search/posts?query=first","service":"api-gateway","timestamp":"2025-05-30T10:14:47.596Z"}
{"level":"info","message":"Received body undefined","service":"api-gateway","timestamp":"2025-05-30T10:14:47.596Z"}
{"level":"info","message":"Response received from search service: 200","service":"api-gateway","timestamp":"2025-05-30T10:14:47.602Z"}
